<?xml version="1.0" encoding="UTF-8" ?>
<testsuite tests="3" failures="0" name="com.qdu.diaisheng.dao.DataPointTest" time="0.13" errors="0" skipped="2">
  <properties>
[...]
</properties>
  <testcase classname="com.qdu.diaisheng.dao.DataPointTest" name="testQueryDataPointListByDataModel" time="0">
    <skipped/>
  </testcase>
  <testcase classname="com.qdu.diaisheng.dao.DataPointTest" name="testDataPointCount" time="0.065"/>
  <testcase classname="com.qdu.diaisheng.dao.DataPointTest" name="testInsetDataPoint" time="0.065">
    <skipped/>
  </testcase>
</testsuite>